Using pre-set license
Built from '2020.3/staging' branch; Version is '2020.3.24f1 (79c78de19888) revision 7980941'; Using compiler version '192528614'; Build Type 'Release'
OS: 'Windows 10  (10.0.14393) 64bit EnterpriseS' Language: 'ru' Physical Memory: 16335 MB
BatchMode: 1, IsHumanControllingUs: 0, StartBugReporterOnCrash: 0, Is64bit: 1, IsPro: 0

COMMAND LINE ARGUMENTS:
D:\unity\2020.3.24f1\Editor\Unity.exe
-adb2
-batchMode
-noUpm
-name
AssetImportWorker0
-projectPath
D:/unity/Projects/Uniry_HomeWork/ParticleSystem
-logFile
Logs/AssetImportWorker0.log
-srvPort
53785
Successfully changed project path to: D:/unity/Projects/Uniry_HomeWork/ParticleSystem
D:/unity/Projects/Uniry_HomeWork/ParticleSystem
Using Asset Import Pipeline V2.
Refreshing native plugins compatible for Editor in 39.85 ms, found 2 plugins.
Preloading 0 native plugins for Editor in 0.00 ms.
Initialize engine version: 2020.3.24f1 (79c78de19888)
[Subsystems] Discovering subsystems at path D:/unity/2020.3.24f1/Editor/Data/Resources/UnitySubsystems
[Subsystems] Discovering subsystems at path D:/unity/Projects/Uniry_HomeWork/ParticleSystem/Assets
GfxDevice: creating device client; threaded=0
Direct3D:
    Version:  Direct3D 11.0 [level 11.1]
    Renderer: AMD Radeon R9 200 Series (ID=0x6798)
    Vendor:   
    VRAM:     3054 MB
    Driver:   15.300.1025.1001
Initialize mono
Mono path[0] = 'D:/unity/2020.3.24f1/Editor/Data/Managed'
Mono path[1] = 'D:/unity/2020.3.24f1/Editor/Data/MonoBleedingEdge/lib/mono/unityjit'
Mono config path = 'D:/unity/2020.3.24f1/Editor/Data/MonoBleedingEdge/etc'
Using monoOptions --debugger-agent=transport=dt_socket,embedding=1,server=y,suspend=n,address=127.0.0.1:56104
Begin MonoManager ReloadAssembly
Registering precompiled unity dll's ...
Register platform support module: D:/unity/2020.3.24f1/Editor/Data/PlaybackEngines/WindowsStandaloneSupport/UnityEditor.WindowsStandalone.Extensions.dll
Registered in 0.005204 seconds.
Native extension for WindowsStandalone target not found
Refreshing native plugins compatible for Editor in 34.73 ms, found 2 plugins.
Preloading 0 native plugins for Editor in 0.00 ms.
Mono: successfully reloaded assembly
- Completed reload, in  0.690 seconds
Domain Reload Profiling:
	ReloadAssembly (690ms)
		BeginReloadAssembly (92ms)
			ExecutionOrderSort (0ms)
			DisableScriptedObjects (0ms)
			BackupInstance (0ms)
			ReleaseScriptingObjects (0ms)
			CreateAndSetChildDomain (1ms)
		EndReloadAssembly (483ms)
			LoadAssemblies (87ms)
			RebuildTransferFunctionScriptingTraits (0ms)
			SetupTypeCache (164ms)
			ReleaseScriptCaches (0ms)
			RebuildScriptCaches (38ms)
			SetupLoadedEditorAssemblies (169ms)
				LogAssemblyErrors (0ms)
				InitializePlatformSupportModulesInManaged (5ms)
				SetLoadedEditorAssemblies (0ms)
				RefreshPlugins (35ms)
				BeforeProcessingInitializeOnLoad (15ms)
				ProcessInitializeOnLoadAttributes (82ms)
				ProcessInitializeOnLoadMethodAttributes (32ms)
				AfterProcessingInitializeOnLoad (0ms)
				EditorAssembliesLoaded (0ms)
			ExecutionOrderSort2 (0ms)
			AwakeInstancesAfterBackupRestoration (0ms)
Platform modules already initialized, skipping
Registering precompiled user dll's ...
Registered in 0.002682 seconds.
Begin MonoManager ReloadAssembly
Native extension for WindowsStandalone target not found
Refreshing native plugins compatible for Editor in 0.34 ms, found 2 plugins.
Preloading 0 native plugins for Editor in 0.00 ms.
Mono: successfully reloaded assembly
- Completed reload, in  1.055 seconds
Domain Reload Profiling:
	ReloadAssembly (1056ms)
		BeginReloadAssembly (145ms)
			ExecutionOrderSort (0ms)
			DisableScriptedObjects (6ms)
			BackupInstance (0ms)
			ReleaseScriptingObjects (0ms)
			CreateAndSetChildDomain (16ms)
		EndReloadAssembly (852ms)
			LoadAssemblies (88ms)
			RebuildTransferFunctionScriptingTraits (0ms)
			SetupTypeCache (327ms)
			ReleaseScriptCaches (0ms)
			RebuildScriptCaches (44ms)
			SetupLoadedEditorAssemblies (299ms)
				LogAssemblyErrors (0ms)
				InitializePlatformSupportModulesInManaged (4ms)
				SetLoadedEditorAssemblies (0ms)
				RefreshPlugins (0ms)
				BeforeProcessingInitializeOnLoad (71ms)
				ProcessInitializeOnLoadAttributes (210ms)
				ProcessInitializeOnLoadMethodAttributes (11ms)
				AfterProcessingInitializeOnLoad (2ms)
				EditorAssembliesLoaded (0ms)
			ExecutionOrderSort2 (0ms)
			AwakeInstancesAfterBackupRestoration (7ms)
Platform modules already initialized, skipping
========================================================================
Worker process is ready to serve import requests
Launched and connected shader compiler UnityShaderCompiler.exe after 0.03 seconds
Refreshing native plugins compatible for Editor in 0.63 ms, found 2 plugins.
Preloading 0 native plugins for Editor in 0.00 ms.
Unloading 1501 Unused Serialized files (Serialized files now loaded: 0)
System memory in use before: 160.2 MB.
System memory in use after: 160.3 MB.

Unloading 19 unused Assets to reduce memory usage. Loaded Objects now: 1958.
Total: 3.460816 ms (FindLiveObjects: 0.183718 ms CreateObjectMapping: 0.034936 ms MarkObjects: 3.124101 ms  DeleteObjects: 0.117158 ms)

AssetImportParameters requested are different than current active one (requested -> active):
  custom:framework-win-MediaFoundation: 216162199b28c13a410421893ffa2e32 -> 
  custom:video-decoder-ogg-theora: a1e56fd34408186e4bbccfd4996cb3dc -> 
  custom:container-muxer-webm: aa71ff27fc2769a1b78a27578f13a17b -> 
  custom:container-demuxer-webm: 4f35f7cbe854078d1ac9338744f61a02 -> 
  custom:container-demuxer-ogg: 62fdf1f143b41e24485cea50d1cbac27 -> 
  custom:video-encoder-webm-vp8: eb34c28f22e8b96e1ab97ce403110664 -> 
  custom:video-codec-MediaFoundation-h265: 55f8c8538cf0483ab7069ead6b737db2 -> 
  custom:video-decoder-webm-vp8: 9c59270c3fd7afecdb556c50c9e8de78 -> 
  custom:audio-decoder-ogg-vorbis: bf7c407c2cedff20999df2af8eb42d56 -> 
  custom:audio-encoder-webm-vorbis: bf7c407c2cedff20999df2af8eb42d56 -> 
========================================================================
Received Import Request.
  path: Assets/Scenes/HomeWork1.unity
  artifactKey: Guid(2c1a33dbc725d0144907d5551b4b3e21) Importer(815301076,1909f56bfc062723c751e8b465ee728b)
Start importing Assets/Scenes/HomeWork1.unity using Guid(2c1a33dbc725d0144907d5551b4b3e21) Importer(815301076,1909f56bfc062723c751e8b465ee728b)  -> (artifact id: '5fb5aec18e4dc3835b6cd927a915ca99') in 0.012721 seconds 
  Import took 0.015065 seconds .

========================================================================
Received Import Request.
  Time since last request: 21.300158 seconds.
  path: Assets/Scenes/HomeWork2.unity
  artifactKey: Guid(2c9758911ad48594da19ea1a27a36f4d) Importer(815301076,1909f56bfc062723c751e8b465ee728b)
Start importing Assets/Scenes/HomeWork2.unity using Guid(2c9758911ad48594da19ea1a27a36f4d) Importer(815301076,1909f56bfc062723c751e8b465ee728b)  -> (artifact id: 'aa814553041834b1c606f313d4e8aba3') in 0.004641 seconds 
  Import took 0.007699 seconds .

========================================================================
Received Import Request.
  Time since last request: 92.559360 seconds.
  path: Assets/Materials/Блестка.com.png
  artifactKey: Guid(26da39af25b00e24d87e5a67929e030a) Importer(815301076,1909f56bfc062723c751e8b465ee728b)
Start importing Assets/Materials/Блестка.com.png using Guid(26da39af25b00e24d87e5a67929e030a) Importer(815301076,1909f56bfc062723c751e8b465ee728b)  -> (artifact id: '98e04a9a705f858a128ac8d1a6a66456') in 0.068033 seconds 
  Import took 0.070761 seconds .

========================================================================
Received Import Request.
  Time since last request: 168.340187 seconds.
  path: Assets/Materials/Блестка.com.png
  artifactKey: Guid(26da39af25b00e24d87e5a67929e030a) Importer(815301076,1909f56bfc062723c751e8b465ee728b)
Start importing Assets/Materials/Блестка.com.png using Guid(26da39af25b00e24d87e5a67929e030a) Importer(815301076,1909f56bfc062723c751e8b465ee728b)  -> (artifact id: 'b64a739fd8581c739da4a44b2e99938a') in 0.070731 seconds 
  Import took 0.073534 seconds .

========================================================================
Received Import Request.
  Time since last request: 10.910805 seconds.
  path: Assets/Materials/Materials
  artifactKey: Guid(a76ecdb7db2c6814ead39bd62717e53d) Importer(815301076,1909f56bfc062723c751e8b465ee728b)
Start importing Assets/Materials/Materials using Guid(a76ecdb7db2c6814ead39bd62717e53d) Importer(815301076,1909f56bfc062723c751e8b465ee728b)  -> (artifact id: 'b6d173b6ec3cc0181b981d8e1358d254') in 0.001811 seconds 
  Import took 0.004483 seconds .

========================================================================
Received Import Request.
  Time since last request: 0.220333 seconds.
  path: Assets/Materials/Materials/Блестка.com.mat
  artifactKey: Guid(6f49792e40d2a474ea2702c944b31305) Importer(815301076,1909f56bfc062723c751e8b465ee728b)
Start importing Assets/Materials/Materials/Блестка.com.mat using Guid(6f49792e40d2a474ea2702c944b31305) Importer(815301076,1909f56bfc062723c751e8b465ee728b)  -> (artifact id: 'f2a346edff00db1b537e2ce681062a5e') in 0.052656 seconds 
  Import took 0.055528 seconds .

AssetImportWorkerClient::OnTransportError - code=2 error=End of file
